<?xml version="1.0" encoding="UTF-8"?>
<testsuite xmlns:xsi="http://www.w3.org/2001/XMLSchema-instance" xsi:noNamespaceSchemaLocation="https://maven.apache.org/surefire/maven-surefire-plugin/xsd/surefire-test-report.xsd" name="runner.Runner" time="58.731" tests="15" errors="0" skipped="0" failures="0">
  <properties>
[...]
</properties>
  <testcase name="Given User launch browser and application URL" classname="Scenario: Add a new customer" time="0.002"/>
  <testcase name="When User enters email and password" classname="Scenario: Add a new customer" time="0"/>
  <testcase name="And Click on login button" classname="Scenario: Add a new customer" time="0"/>
  <testcase name="Then User can view dashboard" classname="Scenario: Add a new customer" time="0"/>
  <testcase name="When Click on customer menus" classname="Scenario: Add a new customer" time="0"/>
  <testcase name="And Click on customer menu item" classname="Scenario: Add a new customer" time="0"/>
  <testcase name="And Click on add new buttom" classname="Scenario: Add a new customer" time="0"/>
  <testcase name="Scenario: Add a new customer" classname="Scenario: Add a new customer" time="1.03"/>
  <testcase name="Given User launch browser and application URL" classname="Scenario: Successfull login with valid credentials" time="0"/>
  <testcase name="When User enters email and password" classname="Scenario: Successfull login with valid credentials" time="0"/>
  <testcase name="And Click on login button" classname="Scenario: Successfull login with valid credentials" time="0"/>
  <testcase name="Then Page title should be &quot;Dashboard / nopCommerce administration&quot;" classname="Scenario: Successfull login with valid credentials" time="0"/>
  <testcase name="When Click on logout link" classname="Scenario: Successfull login with valid credentials" time="0"/>
  <testcase name="Then Page title should be &quot;Your store. Login&quot;" classname="Scenario: Successfull login with valid credentials" time="0"/>
  <testcase name="Scenario: Successfull login with valid credentials" classname="Scenario: Successfull login with valid credentials" time="1.104"/>
</testsuite>